<?xml version="1.0" encoding="UTF-8"?>
<!-- Generated by org.testng.reporters.JUnitReportReporter -->
<testsuite hostname="DESKTOP-3G5A939" failures="0" tests="1" name="com.uitest.rmt.cucmberOptions.FailedTestRunner" time="78.586" errors="0" timestamp="2023-08-03T22:11:23 IST" skipped="0">
  <testcase classname="com.uitest.rmt.cucmberOptions.FailedTestRunner" name="runScenario" time="78.586"/>
  <system-out/>
</testsuite> <!-- com.uitest.rmt.cucmberOptions.FailedTestRunner -->
