<?xml version="1.0" encoding="UTF-8"?>
<!-- Generated by org.testng.reporters.JUnitReportReporter -->
<testsuite hostname="DESKTOP-3G5A939" failures="0" tests="1" name="com.uitest.rmt.cucmberOptions.BG.TestNGTestRunner" time="96.299" errors="0" timestamp="2023-06-08T13:29:49 IST" skipped="0">
  <testcase classname="com.uitest.rmt.cucmberOptions.BG.TestNGTestRunner" name="runScenario" time="96.299"/>
  <system-out/>
</testsuite> <!-- com.uitest.rmt.cucmberOptions.BG.TestNGTestRunner -->
